<?xml version="1.0" encoding="UTF-8" ?>
<testsuite errors="0" failures="0" hostname="BOS4ISLMJZHENG" name="racetrack.RaceTests" tests="1" time="0.032" timestamp="2011-12-08T19:39:14">
  <properties />
  <testcase classname="racetrack.RaceTests" name="testInMiles" time="0.032" />
  <system-out><![CDATA[--Output from testInMiles--
]]></system-out>
  <system-err><![CDATA[--Output from testInMiles--
]]></system-err>
</testsuite>
